<?xml version="1.0" encoding="UTF-8"?>
<!-- Generated by org.testng.reporters.JUnitXMLReporter -->
<testsuite hostname="IN-IT0281" ignored="0" name="Test" tests="19" failures="0" timestamp="23 Oct 2018 08:51:28 GMT" time="16.694" errors="0">
  <testcase name="test_01" time="4.245" classname="tests.GetExamples"/>
  <testcase name="test_02" time="1.462" classname="tests.GetExamples"/>
  <testcase name="test_03" time="0.954" classname="tests.GetExamples"/>
  <testcase name="test_04" time="1.09" classname="tests.GetExamples"/>
  <testcase name="test_06" time="0.335" classname="tests.GetExamples"/>
  <testcase name="test_07" time="1.585" classname="tests.GetExamples"/>
  <testcase name="test_08" time="0.412" classname="tests.GetExamples"/>
  <testcase name="test_08" time="0.359" classname="tests.GetExamples"/>
  <testcase name="test_08" time="0.393" classname="tests.GetExamples"/>
  <testcase name="test_09" time="0.209" classname="tests.GetExamples"/>
  <testcase name="test_10" time="0.21" classname="tests.GetExamples"/>
  <testcase name="test_11" time="0.212" classname="tests.GetExamples"/>
  <testcase name="test_1" time="0.955" classname="tests.PostExamples"/>
  <testcase name="test_2" time="0.853" classname="tests.PostExamples"/>
  <testcase name="test_3" time="0.797" classname="tests.PostExamples"/>
  <testcase name="test_4" time="0.93" classname="tests.PostExamples"/>
  <testcase name="test_05" time="0.555" classname="tests.GetExamples"/>
  <testcase name="test_05" time="0.391" classname="tests.GetExamples"/>
  <testcase name="test_05" time="0.443" classname="tests.GetExamples"/>
</testsuite> <!-- Test -->
